app/build/outputs/logs/manifest-merger-debug-report.txt
-- Merging decision tree log ---
manifest
ADDED from cahabadroid/app/AndroidManifest.xml:2:1-19:12
	package
		ADDED from cahabadroid/app/AndroidManifest.xml:3:7-26
	android:versionName
		ADDED from cahabadroid/app/AndroidManifest.xml:5:7-32
		INJECTED from cahabadroid/app/AndroidManifest.xml
		INJECTED from cahabadroid/app/AndroidManifest.xml
	android:versionCode
		ADDED from cahabadroid/app/AndroidManifest.xml:4:7-30
		INJECTED from cahabadroid/app/AndroidManifest.xml
		INJECTED from cahabadroid/app/AndroidManifest.xml
	xmlns:android
		ADDED from cahabadroid/app/AndroidManifest.xml:2:11-69
uses-sdk
ADDED from cahabadroid/app/AndroidManifest.xml:7:5-72
MERGED from [com.android.support:appcompat-v7:25.1.0] AndroidManifest.xml:21:5-23:78
MERGED from [com.android.support:support-v4:25.1.0] AndroidManifest.xml:21:5-23:54
MERGED from [com.android.support:support-fragment:25.1.0] AndroidManifest.xml:21:5-23:60
MERGED from [com.android.support:support-media-compat:25.1.0] AndroidManifest.xml:21:5-23:63
MERGED from [com.android.support:support-core-ui:25.1.0] AndroidManifest.xml:21:5-23:58
MERGED from [com.android.support:support-core-utils:25.1.0] AndroidManifest.xml:21:5-23:61
MERGED from [com.android.support:animated-vector-drawable:25.1.0] AndroidManifest.xml:20:5-44
MERGED from [com.android.support:support-vector-drawable:25.1.0] AndroidManifest.xml:21:5-43
MERGED from [com.android.support:support-compat:25.1.0] AndroidManifest.xml:21:5-23:58
	tools:overrideLibrary
		ADDED from [com.android.support:appcompat-v7:25.1.0] AndroidManifest.xml:23:9-75
	android:targetSdkVersion
		ADDED from cahabadroid/app/AndroidManifest.xml:7:41-70
		INJECTED from cahabadroid/app/AndroidManifest.xml
		INJECTED from cahabadroid/app/AndroidManifest.xml
	android:minSdkVersion
		ADDED from cahabadroid/app/AndroidManifest.xml:7:15-40
		INJECTED from cahabadroid/app/AndroidManifest.xml
		INJECTED from cahabadroid/app/AndroidManifest.xml
application
ADDED from cahabadroid/app/AndroidManifest.xml:9:5-18:19
MERGED from [com.android.support:appcompat-v7:25.1.0] AndroidManifest.xml:25:5-20
MERGED from [com.android.support:support-v4:25.1.0] AndroidManifest.xml:25:5-20
MERGED from [com.android.support:support-fragment:25.1.0] AndroidManifest.xml:25:5-20
MERGED from [com.android.support:support-media-compat:25.1.0] AndroidManifest.xml:25:5-20
MERGED from [com.android.support:support-core-ui:25.1.0] AndroidManifest.xml:25:5-20
MERGED from [com.android.support:support-core-utils:25.1.0] AndroidManifest.xml:25:5-20
MERGED from [com.android.support:animated-vector-drawable:25.1.0] AndroidManifest.xml:22:5-20
MERGED from [com.android.support:support-vector-drawable:25.1.0] AndroidManifest.xml:23:5-20
MERGED from [com.android.support:support-compat:25.1.0] AndroidManifest.xml:25:5-20
	android:label
		ADDED from cahabadroid/app/AndroidManifest.xml:9:48-80
	android:icon
		ADDED from cahabadroid/app/AndroidManifest.xml:9:18-47
activity#com.parse.CahabaDroid
ADDED from cahabadroid/app/AndroidManifest.xml:10:9-16:20
	android:label
		ADDED from cahabadroid/app/AndroidManifest.xml:11:19-51
	android:name
		ADDED from cahabadroid/app/AndroidManifest.xml:10:19-45
intent-filter#android.intent.action.MAIN+android.intent.category.LAUNCHER
ADDED from cahabadroid/app/AndroidManifest.xml:12:13-15:29
action#android.intent.action.MAIN
ADDED from cahabadroid/app/AndroidManifest.xml:13:17-69
	android:name
		ADDED from cahabadroid/app/AndroidManifest.xml:13:25-66
category#android.intent.category.LAUNCHER
ADDED from cahabadroid/app/AndroidManifest.xml:14:17-77
	android:name
		ADDED from cahabadroid/app/AndroidManifest.xml:14:27-74